<?xml version="1.0" encoding="UTF-8"?>
<!-- Generated by org.testng.reporters.JUnitReportReporter -->
<testsuite hostname="L903" failures="0" tests="1" name="com.orangeHRM.testcases.TC001_LogIn" time="14.391" errors="0" timestamp="2022-07-16T13:58:48 IST" skipped="0">
  <testcase classname="com.orangeHRM.testcases.TC001_LogIn" name="logInTest" time="14.391"/>
  <system-out/>
</testsuite> <!-- com.orangeHRM.testcases.TC001_LogIn -->
